0: n7
0: /home/richardalbr/computer_vision/CLTforSemanticSegmentation
0: Sa 10. Dez 01:55:54 KST 2022
absl-py==1.3.0
addict==2.4.0
aiohttp==3.8.3
aiosignal==1.3.1
async-timeout==4.0.2
attrs==22.1.0
cachetools==5.2.0
certifi==2022.9.24
charset-normalizer==2.1.1
click==8.1.3
colorama==0.4.6
commonmark==0.9.1
contourpy==1.0.6
cycler==0.11.0
fonttools==4.38.0
frozenlist==1.3.3
fsspec==2022.11.0
future==0.18.2
google-auth==2.15.0
google-auth-oauthlib==0.4.6
grpcio==1.51.1
idna==3.4
importlib-metadata==5.1.0
kiwisolver==1.4.4
lightning-utilities==0.4.2
Markdown==3.4.1
MarkupSafe==2.1.1
matplotlib==3.6.2
mmcls==0.24.1
mmcv-full==1.6.0
model-index==0.1.11
multidict==6.0.3
numpy==1.23.5
oauthlib==3.2.2
opencv-python==4.6.0.66
openmim==0.3.3
ordered-set==4.1.0
packaging==21.3
pandas==1.5.2
Pillow==9.3.0
prettytable==3.5.0
protobuf==3.20.1
pyasn1==0.4.8
pyasn1-modules==0.2.8
Pygments==2.13.0
pyparsing==3.0.9
python-dateutil==2.8.2
pytorch-lightning==1.8.4
pytz==2022.6
PyYAML==6.0
requests==2.28.1
requests-oauthlib==1.3.1
rich==12.6.0
rsa==4.9
six==1.16.0
tabulate==0.9.0
tensorboard==2.11.0
tensorboard-data-server==0.6.1
tensorboard-plugin-wit==1.8.1
tensorboardX==2.5.1
torch==1.12.1+cu113
torchaudio==0.12.1+cu113
torchmetrics==0.11.0
torchvision==0.13.1+cu113
tqdm==4.64.1
typing_extensions==4.4.0
urllib3==1.26.13
wcwidth==0.2.5
Werkzeug==2.2.2
yapf==0.32.0
yarl==1.8.2
zipp==3.11.0
0,1
Traceback (most recent call last):
  File "/home/richardalbr/computer_vision/CLTforSemanticSegmentation/train_test.py", line 8, in <module>
    from mmseg.apis import train_segmentor, inference_segmentor, init_segmentor, show_result_pyplot, set_random_seed
  File "/home/richardalbr/computer_vision/CLTforSemanticSegmentation/mmsegmentation/mmseg/apis/__init__.py", line 2, in <module>
    from .inference import inference_segmentor, init_segmentor, show_result_pyplot
  File "/home/richardalbr/computer_vision/CLTforSemanticSegmentation/mmsegmentation/mmseg/apis/inference.py", line 8, in <module>
    from mmseg.datasets.pipelines import Compose
  File "/home/richardalbr/computer_vision/CLTforSemanticSegmentation/mmsegmentation/mmseg/datasets/__init__.py", line 2, in <module>
    from .ade import ADE20KDataset
  File "/home/richardalbr/computer_vision/CLTforSemanticSegmentation/mmsegmentation/mmseg/datasets/ade.py", line 9, in <module>
    from .custom import CustomDataset
  File "/home/richardalbr/computer_vision/CLTforSemanticSegmentation/mmsegmentation/mmseg/datasets/custom.py", line 232
    print("WHAT IS THIS?", self.pipeline(results))
TabError: inconsistent use of tabs and spaces in indentation
